<?xml version="1.0" encoding="UTF-8"?>
<!-- Generated by org.testng.reporters.JUnitXMLReporter -->
<testsuite hostname="Rajan-PC" ignored="0" name="Test" tests="1" failures="1" timestamp="06 Sep 2019 03:04:30 GMT" time="118.784" errors="0">
  <testcase name="setup" time="118.252" classname="MavenDemo.MavenDemo.LoginTest">
    <failure type="org.openqa.selenium.WebDriverException" message="unknown error: unable to discover open pages
Build info: version: &amp;apos;3.141.59&amp;apos;, revision: &amp;apos;e82be7d358&amp;apos;, time: &amp;apos;2018-11-14T08:17:03&amp;apos;
System info: host: &amp;apos;RAJAN-PC&amp;apos;, ip: &amp;apos;192.168.43.204&amp;apos;, os.name: &amp;apos;Windows 7&amp;apos;, os.arch: &amp;apos;amd64&amp;apos;, os.version: &amp;apos;6.1&amp;apos;, java.version: &amp;apos;1.8.0_211&amp;apos;
Driver info: driver.version: ChromeDriver
remote stacktrace: Backtrace:
	Ordinal0 [0x00191B43+1448771]
	Ordinal0 [0x00115A31+940593]
	Ordinal0 [0x000A2293+467603]
	Ordinal0 [0x0003F1DA+61914]
	Ordinal0 [0x0003BBBD+48061]
	Ordinal0 [0x00058D09+167177]
	Ordinal0 [0x000588DD+166109]
	Ordinal0 [0x00056FEB+159723]
	Ordinal0 [0x000409F6+68086]
	Ordinal0 [0x00041990+72080]
	Ordinal0 [0x00041929+71977]
	GetHandleVerifier [0x002D2E8C+1172172]
	GetHandleVerifier [0x0022FE55+504469]
	GetHandleVerifier [0x0022FBF0+503856]
	Ordinal0 [0x0019C9C8+1493448]
	GetHandleVerifier [0x0023062A+506474]
	Ordinal0 [0x00127156+1012054]
	Ordinal0 [0x00126FCF+1011663]
	Ordinal0 [0x0013135B+1053531]
	Ordinal0 [0x001314C3+1053891]
	Ordinal0 [0x001304F5+1049845]
	BaseThreadInitThunk [0x74BC343D+18]
	RtlInitializeExceptionChain [0x77469802+99]
	RtlInitializeExceptionChain [0x774697D5+54]
">
      <![CDATA[org.openqa.selenium.WebDriverException: unknown error: unable to discover open pages
Build info: version: '3.141.59', revision: 'e82be7d358', time: '2018-11-14T08:17:03'
System info: host: 'RAJAN-PC', ip: '192.168.43.204', os.name: 'Windows 7', os.arch: 'amd64', os.version: '6.1', java.version: '1.8.0_211'
Driver info: driver.version: ChromeDriver
remote stacktrace: Backtrace:
Ordinal0 [0x00191B43+1448771]
Ordinal0 [0x00115A31+940593]
Ordinal0 [0x000A2293+467603]
Ordinal0 [0x0003F1DA+61914]
Ordinal0 [0x0003BBBD+48061]
Ordinal0 [0x00058D09+167177]
Ordinal0 [0x000588DD+166109]
Ordinal0 [0x00056FEB+159723]
Ordinal0 [0x000409F6+68086]
Ordinal0 [0x00041990+72080]
Ordinal0 [0x00041929+71977]
GetHandleVerifier [0x002D2E8C+1172172]
GetHandleVerifier [0x0022FE55+504469]
GetHandleVerifier [0x0022FBF0+503856]
Ordinal0 [0x0019C9C8+1493448]
GetHandleVerifier [0x0023062A+506474]
Ordinal0 [0x00127156+1012054]
Ordinal0 [0x00126FCF+1011663]
Ordinal0 [0x0013135B+1053531]
Ordinal0 [0x001314C3+1053891]
Ordinal0 [0x001304F5+1049845]
BaseThreadInitThunk [0x74BC343D+18]
RtlInitializeExceptionChain [0x77469802+99]
RtlInitializeExceptionChain [0x774697D5+54]

at org.openqa.selenium.remote.W3CHandshakeResponse.lambda$errorHandler$0(W3CHandshakeResponse.java:62)
at org.openqa.selenium.remote.HandshakeResponse.lambda$getResponseFunction$0(HandshakeResponse.java:30)
at org.openqa.selenium.remote.ProtocolHandshake.lambda$createSession$0(ProtocolHandshake.java:126)
at java.util.stream.ReferencePipeline$3$1.accept(Unknown Source)
at java.util.Spliterators$ArraySpliterator.tryAdvance(Unknown Source)
at java.util.stream.ReferencePipeline.forEachWithCancel(Unknown Source)
at java.util.stream.AbstractPipeline.copyIntoWithCancel(Unknown Source)
at java.util.stream.AbstractPipeline.copyInto(Unknown Source)
at java.util.stream.AbstractPipeline.wrapAndCopyInto(Unknown Source)
at java.util.stream.FindOps$FindOp.evaluateSequential(Unknown Source)
at java.util.stream.AbstractPipeline.evaluate(Unknown Source)
at java.util.stream.ReferencePipeline.findFirst(Unknown Source)
at org.openqa.selenium.remote.ProtocolHandshake.createSession(ProtocolHandshake.java:128)
at org.openqa.selenium.remote.ProtocolHandshake.createSession(ProtocolHandshake.java:74)
at org.openqa.selenium.remote.HttpCommandExecutor.execute(HttpCommandExecutor.java:136)
at org.openqa.selenium.remote.service.DriverCommandExecutor.execute(DriverCommandExecutor.java:83)
at org.openqa.selenium.remote.RemoteWebDriver.execute(RemoteWebDriver.java:552)
at org.openqa.selenium.remote.RemoteWebDriver.startSession(RemoteWebDriver.java:213)
at org.openqa.selenium.remote.RemoteWebDriver.<init>(RemoteWebDriver.java:131)
at org.openqa.selenium.chrome.ChromeDriver.<init>(ChromeDriver.java:181)
at org.openqa.selenium.chrome.ChromeDriver.<init>(ChromeDriver.java:168)
at org.openqa.selenium.chrome.ChromeDriver.<init>(ChromeDriver.java:123)
at MavenDemo.MavenDemo.LoginTest.setup(LoginTest.java:18)
... Removed 33 stack frames]]>
    </failure>
  </testcase> <!-- setup -->
</testsuite> <!-- Test -->
